<?xml version="1.0" encoding="UTF-8"?>
<!-- Generated by org.testng.reporters.JUnitReportReporter -->
<testsuite hostname="EPBYMINW3159" name="webservices.tests.BonusTasksTests" tests="4" failures="0" timestamp="28 Aug 2018 20:37:47 GMT" time="8.644" errors="0">
  <testcase name="testPost" time="1.985" classname="webservices.tests.BonusTasksTests"/>
  <testcase name="testDelete" time="2.916" classname="webservices.tests.BonusTasksTests"/>
  <testcase name="testPut" time="0.804" classname="webservices.tests.BonusTasksTests"/>
  <testcase name="testPatch" time="2.939" classname="webservices.tests.BonusTasksTests"/>
</testsuite> <!-- webservices.tests.BonusTasksTests -->
