<?xml version="1.0" encoding="UTF-8"?>
<!-- Generated by org.testng.reporters.JUnitReportReporter -->
<testsuite hostname="EPBYMINW3159" name="webservices.tests.ApacheHttpClientTest" tests="3" failures="0" timestamp="28 Aug 2018 20:37:47 GMT" time="0.331" errors="0">
  <testcase name="checkStatusCodeTest" time="0.106" classname="webservices.tests.ApacheHttpClientTest"/>
  <testcase name="checkResponseBody" time="0.144" classname="webservices.tests.ApacheHttpClientTest"/>
  <testcase name="checkResponseHeader" time="0.081" classname="webservices.tests.ApacheHttpClientTest"/>
</testsuite> <!-- webservices.tests.ApacheHttpClientTest -->
