<?xml version="1.0" encoding="UTF-8"?>
<!-- Generated by org.testng.reporters.JUnitReportReporter -->
<testsuite hostname="EPBYMINW3159" name="webservices.tests.RestTemplateTest" tests="3" failures="0" timestamp="28 Aug 2018 20:37:47 GMT" time="1.962" errors="0">
  <testcase name="checkStatusCode" time="0.956" classname="webservices.tests.RestTemplateTest"/>
  <testcase name="checkResponseBody" time="0.972" classname="webservices.tests.RestTemplateTest"/>
  <testcase name="checkResponseHeader" time="0.034" classname="webservices.tests.RestTemplateTest"/>
</testsuite> <!-- webservices.tests.RestTemplateTest -->
