<?xml version="1.0" encoding="UTF-8"?>
<!-- Generated by org.testng.reporters.JUnitReportReporter -->
<testsuite hostname="EPBYMINW3159" name="webservices.tests.RestAssuredTest" tests="3" failures="0" timestamp="28 Aug 2018 20:37:47 GMT" time="4.468" errors="0">
  <testcase name="checkResponseBody" time="1.573" classname="webservices.tests.RestAssuredTest"/>
  <testcase name="checkResponseHeader" time="1.527" classname="webservices.tests.RestAssuredTest"/>
  <testcase name="checkStatusCode" time="1.368" classname="webservices.tests.RestAssuredTest"/>
</testsuite> <!-- webservices.tests.RestAssuredTest -->
